6.5.2025, 16:17:55 - INFO - Server listening on port http://127.0.0.1:3030/
6.5.2025, 16:18:17 - INFO - Server listening on port http://127.0.0.1:3030/
6.5.2025, 16:20:50 - INFO - Server listening on port http://127.0.0.1:3030/
6.5.2025, 16:32:16 - INFO - Server listening on port http://127.0.0.1:3030/
6.5.2025, 16:33:28 - INFO - Server listening on port http://127.0.0.1:3030/
6.5.2025, 16:37:38 - INFO - Server listening on port http://127.0.0.1:3030/
6.5.2025, 16:37:45 - INFO - Server listening on port http://127.0.0.1:3030/
6.5.2025, 16:39:17 - INFO - Server listening on port http://127.0.0.1:3030/
6.5.2025, 16:42:01 - INFO - Server listening on port http://127.0.0.1:3030/
6.5.2025, 16:44:13 - INFO - Server listening on port http://127.0.0.1:3030/
6.5.2025, 16:44:33 - DEBUG - auth.service - login with username: cc
6.5.2025, 16:44:33 - INFO - User login:  | {"_id":"67a8c0995cc37ad936bf25de","username":"cc","fullname":"cc","isAdmin":false}
6.5.2025, 16:45:00 - DEBUG - auth.service - login with username: bob
6.5.2025, 16:45:00 - INFO - User login:  | {"_id":"66b4d9691fb12d86566a8f32","username":"bob","fullname":"bob","isAdmin":true,"score":0}
6.5.2025, 16:59:12 - INFO - Server listening on port http://127.0.0.1:3030/
6.5.2025, 16:59:22 - DEBUG - auth.service - signup with username: gg, fullname: gg
6.5.2025, 16:59:22 - DEBUG - auth.route - new account created: {"username":"gg","password":"$2b$10$Kdo9bJ9s6UOKK8IXQ//mW.fR5jVv/trDXsdneYUeHR/72rq6D5pPC","fullname":"gg","isAdmin":false,"_id":"681a15ba5b593a034656fea4"}
6.5.2025, 16:59:22 - DEBUG - auth.service - login with username: gg
6.5.2025, 17:01:24 - INFO - Server listening on port http://127.0.0.1:3030/
6.5.2025, 17:01:31 - DEBUG - auth.service - login with username: gg
6.5.2025, 17:01:31 - INFO - User login:  | {"_id":"681a15ba5b593a034656fea4","username":"gg","fullname":"gg","isAdmin":false}
6.5.2025, 17:01:52 - INFO - Server listening on port http://127.0.0.1:3030/
6.5.2025, 17:01:56 - DEBUG - auth.service - login with username: gg
6.5.2025, 17:01:56 - INFO - User login:  | {"_id":"681a15ba5b593a034656fea4","username":"gg","fullname":"gg","isAdmin":false}
6.5.2025, 17:02:18 - INFO - Server listening on port http://127.0.0.1:3030/
6.5.2025, 17:02:50 - INFO - Server listening on port http://127.0.0.1:3030/
6.5.2025, 17:10:30 - DEBUG - auth.service - login with username: bob
6.5.2025, 17:10:30 - INFO - User login:  | {"_id":"66b4d9691fb12d86566a8f32","username":"bob","fullname":"bob","isAdmin":true,"score":0}
6.5.2025, 17:23:30 - DEBUG - auth.service - login with username: bob
6.5.2025, 17:23:30 - INFO - User login:  | {"_id":"66b4d9691fb12d86566a8f32","username":"bob","fullname":"bob","isAdmin":true,"score":0}
6.5.2025, 17:24:54 - DEBUG - auth.service - login with username: bob
6.5.2025, 17:24:54 - INFO - User login:  | {"_id":"66b4d9691fb12d86566a8f32","username":"bob","fullname":"bob","isAdmin":true,"score":0}
6.5.2025, 17:25:41 - DEBUG - auth.service - login with username: bob
6.5.2025, 17:25:41 - INFO - User login:  | {"_id":"66b4d9691fb12d86566a8f32","username":"bob","fullname":"bob","isAdmin":true,"score":0}
6.5.2025, 17:26:56 - DEBUG - auth.service - login with username: gg
6.5.2025, 17:26:56 - INFO - User login:  | {"_id":"681a15ba5b593a034656fea4","username":"gg","fullname":"gg","isAdmin":false}
6.5.2025, 17:27:35 - INFO - Server listening on port http://127.0.0.1:3030/
6.5.2025, 17:28:00 - DEBUG - auth.service - login with username: gg
6.5.2025, 17:28:00 - INFO - User login:  | {"_id":"681a15ba5b593a034656fea4","username":"gg","fullname":"gg","isAdmin":false}
6.5.2025, 17:28:19 - DEBUG - auth.service - login with username: gg
6.5.2025, 17:28:19 - INFO - User login:  | {"_id":"681a15ba5b593a034656fea4","username":"gg","fullname":"gg","isAdmin":false}
6.5.2025, 17:28:40 - INFO - Server listening on port http://127.0.0.1:3030/
6.5.2025, 17:29:12 - INFO - Server listening on port http://127.0.0.1:3030/
6.5.2025, 17:29:34 - INFO - Server listening on port http://127.0.0.1:3030/
6.5.2025, 17:33:05 - INFO - Server listening on port http://127.0.0.1:3030/
7.5.2025, 7:25:54 - INFO - Server listening on port http://127.0.0.1:3030/
7.5.2025, 7:26:22 - INFO - Server listening on port http://127.0.0.1:3030/
7.5.2025, 8:55:43 - INFO - Server listening on port http://127.0.0.1:3030/
7.5.2025, 9:02:44 - INFO - Server listening on port http://127.0.0.1:3030/
7.5.2025, 9:03:42 - INFO - Server listening on port http://127.0.0.1:3030/
7.5.2025, 9:04:27 - INFO - Server listening on port http://127.0.0.1:3030/
7.5.2025, 9:20:19 - INFO - Server listening on port http://127.0.0.1:3030/
7.5.2025, 9:25:35 - INFO - Server listening on port http://127.0.0.1:3030/
7.5.2025, 9:26:46 - INFO - Server listening on port http://127.0.0.1:3030/
7.5.2025, 15:11:16 - INFO - Server listening on port http://127.0.0.1:3030/
7.5.2025, 15:11:29 - ERROR - cannot find toys | TypeError: Cannot destructure property 'filterCriteria' of '_buildCriteria(...)' as it is undefined.
7.5.2025, 15:11:29 - ERROR - Cannot load toys | TypeError: Cannot destructure property 'filterCriteria' of '_buildCriteria(...)' as it is undefined.
7.5.2025, 15:11:29 - ERROR - cannot find toys | TypeError: Cannot destructure property 'filterCriteria' of '_buildCriteria(...)' as it is undefined.
7.5.2025, 15:11:29 - ERROR - Cannot load toys | TypeError: Cannot destructure property 'filterCriteria' of '_buildCriteria(...)' as it is undefined.
7.5.2025, 15:13:33 - ERROR - cannot find toys | TypeError: Cannot destructure property 'filterCriteria' of '_buildCriteria(...)' as it is undefined.
7.5.2025, 15:13:33 - ERROR - Cannot load toys | TypeError: Cannot destructure property 'filterCriteria' of '_buildCriteria(...)' as it is undefined.
7.5.2025, 15:13:33 - ERROR - cannot find toys | TypeError: Cannot destructure property 'filterCriteria' of '_buildCriteria(...)' as it is undefined.
7.5.2025, 15:13:33 - ERROR - Cannot load toys | TypeError: Cannot destructure property 'filterCriteria' of '_buildCriteria(...)' as it is undefined.
7.5.2025, 15:13:37 - ERROR - cannot find toys | TypeError: Cannot destructure property 'filterCriteria' of '_buildCriteria(...)' as it is undefined.
7.5.2025, 15:13:37 - ERROR - Cannot load toys | TypeError: Cannot destructure property 'filterCriteria' of '_buildCriteria(...)' as it is undefined.
7.5.2025, 15:13:37 - ERROR - cannot find toys | TypeError: Cannot destructure property 'filterCriteria' of '_buildCriteria(...)' as it is undefined.
7.5.2025, 15:13:37 - ERROR - Cannot load toys | TypeError: Cannot destructure property 'filterCriteria' of '_buildCriteria(...)' as it is undefined.
7.5.2025, 15:15:41 - ERROR - cannot find toys | TypeError: Cannot destructure property 'filterCriteria' of '_buildCriteria(...)' as it is undefined.
7.5.2025, 15:15:41 - ERROR - Cannot load toys | TypeError: Cannot destructure property 'filterCriteria' of '_buildCriteria(...)' as it is undefined.
7.5.2025, 15:15:41 - ERROR - cannot find toys | TypeError: Cannot destructure property 'filterCriteria' of '_buildCriteria(...)' as it is undefined.
7.5.2025, 15:15:41 - ERROR - Cannot load toys | TypeError: Cannot destructure property 'filterCriteria' of '_buildCriteria(...)' as it is undefined.
7.5.2025, 15:19:44 - INFO - Server listening on port http://127.0.0.1:3030/
7.5.2025, 15:19:55 - ERROR - cannot find toys | TypeError: Cannot destructure property 'filterCriteria' of '_buildCriteria(...)' as it is undefined.
7.5.2025, 15:19:55 - ERROR - Cannot load toys | TypeError: Cannot destructure property 'filterCriteria' of '_buildCriteria(...)' as it is undefined.
7.5.2025, 15:19:56 - ERROR - cannot find toys | TypeError: Cannot destructure property 'filterCriteria' of '_buildCriteria(...)' as it is undefined.
7.5.2025, 15:19:56 - ERROR - Cannot load toys | TypeError: Cannot destructure property 'filterCriteria' of '_buildCriteria(...)' as it is undefined.
7.5.2025, 15:22:01 - INFO - Server listening on port http://127.0.0.1:3030/
7.5.2025, 15:22:06 - ERROR - cannot find toys | TypeError: Cannot destructure property 'filterCriteria' of '_buildCriteria(...)' as it is undefined.
7.5.2025, 15:22:06 - ERROR - Cannot load toys | TypeError: Cannot destructure property 'filterCriteria' of '_buildCriteria(...)' as it is undefined.
7.5.2025, 15:22:06 - ERROR - cannot find toys | TypeError: Cannot destructure property 'filterCriteria' of '_buildCriteria(...)' as it is undefined.
7.5.2025, 15:22:06 - ERROR - Cannot load toys | TypeError: Cannot destructure property 'filterCriteria' of '_buildCriteria(...)' as it is undefined.
7.5.2025, 15:23:06 - INFO - Server listening on port http://127.0.0.1:3030/
7.5.2025, 15:31:52 - DEBUG - auth.service - login with username: admin
7.5.2025, 15:31:52 - INFO - User login:  | {"_id":"6693c0ac62157821fbb7cb3e","username":"admin","fullname":"Mister-Toy","isAdmin":true}
7.5.2025, 15:41:34 - INFO - Server listening on port http://127.0.0.1:3030/
7.5.2025, 15:44:57 - INFO - Server listening on port http://127.0.0.1:3030/
7.5.2025, 15:50:23 - DEBUG - auth.service - signup with username: tom, fullname: tomtom
7.5.2025, 15:50:23 - DEBUG - auth.route - new account created: {"username":"tom","password":"$2b$10$8Ou4QmkUY84oAhh6S03fO.9kfOXpednKDStHbXmVc6l8B82T4a6aW","fullname":"tomtom","isAdmin":false,"_id":"681b570f90d3c238a7dcfc23"}
7.5.2025, 15:50:23 - DEBUG - auth.service - login with username: tom
7.5.2025, 15:50:27 - WARN - tomtomattempted to perform admin action
7.5.2025, 15:51:22 - WARN - tomtomattempted to perform admin action
7.5.2025, 16:04:55 - INFO - Server listening on port http://127.0.0.1:3030/
7.5.2025, 16:05:11 - WARN - tomtomattempted to perform admin action
7.5.2025, 16:07:03 - INFO - Server listening on port http://127.0.0.1:3030/
7.5.2025, 16:13:33 - DEBUG - auth.service - login with username: admin
7.5.2025, 16:13:33 - INFO - User login:  | {"_id":"6693c0ac62157821fbb7cb3e","username":"admin","fullname":"Mister-Toy","isAdmin":true}
7.5.2025, 16:17:38 - DEBUG - auth.service - login with username: admin 
7.5.2025, 16:17:38 - ERROR - Failed to Login Error: Invalid username or password
7.5.2025, 16:17:39 - DEBUG - auth.service - login with username: admin 
7.5.2025, 16:17:39 - ERROR - Failed to Login Error: Invalid username or password
7.5.2025, 16:17:51 - DEBUG - auth.service - login with username: admin
7.5.2025, 16:17:51 - INFO - User login:  | {"_id":"6693c0ac62157821fbb7cb3e","username":"admin","fullname":"Mister-Toy","isAdmin":true}
7.5.2025, 16:20:17 - DEBUG - auth.service - login with username: admin
7.5.2025, 16:20:17 - INFO - User login:  | {"_id":"6693c0ac62157821fbb7cb3e","username":"admin","fullname":"Mister-Toy","isAdmin":true}
7.5.2025, 16:25:19 - DEBUG - auth.service - login with username: admin
7.5.2025, 16:25:19 - INFO - User login:  | {"_id":"6693c0ac62157821fbb7cb3e","username":"admin","fullname":"Mister-Toy","isAdmin":true}
7.5.2025, 16:25:51 - DEBUG - auth.service - login with username: admin
7.5.2025, 16:25:52 - INFO - User login:  | {"_id":"6693c0ac62157821fbb7cb3e","username":"admin","fullname":"Mister-Toy","isAdmin":true}
7.5.2025, 16:31:20 - DEBUG - auth.service - login with username: admin
7.5.2025, 16:31:20 - INFO - User login:  | {"_id":"6693c0ac62157821fbb7cb3e","username":"admin","fullname":"Mister-Toy","isAdmin":true}
7.5.2025, 16:53:38 - DEBUG - auth.service - login with username: admin
7.5.2025, 16:53:38 - INFO - User login:  | {"_id":"6693c0ac62157821fbb7cb3e","username":"admin","fullname":"Mister-Toy","isAdmin":true}
7.5.2025, 16:57:12 - DEBUG - auth.service - login with username: tom
7.5.2025, 16:57:12 - INFO - User login:  | {"_id":"681b570f90d3c238a7dcfc23","username":"tom","fullname":"tomtom","isAdmin":false}
7.5.2025, 16:57:18 - DEBUG - auth.service - login with username: admin
7.5.2025, 16:57:18 - INFO - User login:  | {"_id":"6693c0ac62157821fbb7cb3e","username":"admin","fullname":"Mister-Toy","isAdmin":true}
7.5.2025, 18:00:43 - INFO - Server listening on port http://127.0.0.1:3030/
8.5.2025, 15:22:00 - INFO - Server listening on port http://127.0.0.1:3030/
8.5.2025, 16:06:20 - INFO - Server listening on port http://127.0.0.1:3030/
8.5.2025, 16:15:19 - DEBUG - auth.service - login with username: tom
8.5.2025, 16:15:19 - INFO - User login:  | {"_id":"681b570f90d3c238a7dcfc23","username":"tom","fullname":"tomtom","isAdmin":false}
8.5.2025, 16:16:06 - DEBUG - auth.service - signup with username: hadar, fullname: hadar
8.5.2025, 16:16:06 - DEBUG - auth.service - login with username: hadar
8.5.2025, 16:16:06 - DEBUG - auth.route - new account created: {"username":"hadar","password":"$2b$10$h1o3wnxMQnuQV38IYRYa9edPZcJ2E6uJapyOlPQ.G4VqwCm.cuR7e","fullname":"hadar","isAdmin":false,"_id":"681cae964e7c22204312192f"}
8.5.2025, 16:34:30 - INFO - Server listening on port http://127.0.0.1:3030/
8.5.2025, 16:54:12 - INFO - Server listening on port http://127.0.0.1:3030/
8.5.2025, 16:54:38 - INFO - Server listening on port http://127.0.0.1:3030/
8.5.2025, 16:54:38 - INFO - New connected socket [id: Y7RLLIbUwqXF3AvlAAAF]
8.5.2025, 16:54:38 - INFO - New connected socket [id: ZRvLRDzhGhc3GJHXAAAG]
8.5.2025, 16:54:38 - INFO - New connected socket [id: x5JKeQIjLQDKIU_uAAAH]
8.5.2025, 16:54:38 - INFO - New connected socket [id: zjbkJ863Z4nPim86AAAI]
8.5.2025, 16:54:38 - INFO - New connected socket [id: gaRWQ0cS3EAGk9L2AAAJ]
8.5.2025, 16:54:48 - INFO - Socket disconnected [id: undefined]
8.5.2025, 16:54:49 - INFO - New connected socket [id: KkOPXgZqWXasifFgAAAL]
8.5.2025, 16:54:56 - INFO - New chat msg from socket [id: KkOPXgZqWXasifFgAAAL], emitting to topic 681b52d9e08b3d0cccb714be
8.5.2025, 16:55:08 - INFO - Socket disconnected [id: undefined]
8.5.2025, 16:55:08 - INFO - Socket disconnected [id: undefined]
8.5.2025, 16:55:08 - INFO - New connected socket [id: E3jZbIj9mhZE05bkAAAN]
8.5.2025, 16:55:09 - INFO - Socket disconnected [id: undefined]
8.5.2025, 16:55:09 - INFO - New connected socket [id: MvTE1Ofr1XcHyEPAAAAP]
8.5.2025, 16:55:13 - INFO - New chat msg from socket [id: MvTE1Ofr1XcHyEPAAAAP], emitting to topic 681a5ff9ba9e22638dfabce9
8.5.2025, 16:55:23 - INFO - New chat msg from socket [id: MvTE1Ofr1XcHyEPAAAAP], emitting to topic 681a5ff9ba9e22638dfabce9
8.5.2025, 16:56:46 - INFO - Server listening on port http://127.0.0.1:3030/
8.5.2025, 16:56:46 - INFO - New connected socket [id: FDM_rdNfuLi4DlGNAAAD]
8.5.2025, 16:56:46 - INFO - New connected socket [id: Gv9APGeJgl2F-oXqAAAE]
8.5.2025, 16:56:46 - INFO - New connected socket [id: -qjZ6PCfapUtIZIOAAAF]
8.5.2025, 16:56:46 - INFO - New connected socket [id: PGMozoAxpzSt3v5YAAAH]
8.5.2025, 16:56:53 - INFO - New chat msg from socket [id: -qjZ6PCfapUtIZIOAAAF], emitting to topic undefined
8.5.2025, 16:57:01 - INFO - New chat msg from socket [id: Gv9APGeJgl2F-oXqAAAE], emitting to topic undefined
8.5.2025, 17:04:37 - INFO - New connected socket [id: W91n1xya-PNUTXZYAAAK]
8.5.2025, 17:04:37 - INFO - New connected socket [id: 7PU1pgZdhUbs-6X7AAAL]
8.5.2025, 17:04:53 - INFO - New chat msg from socket [id: 7PU1pgZdhUbs-6X7AAAL], emitting to topic 681a5ff9ba9e22638dfabce9
8.5.2025, 17:05:08 - INFO - Server listening on port http://127.0.0.1:3030/
8.5.2025, 17:05:08 - INFO - New connected socket [id: blt9JyLQwtBhIBLKAAAF]
8.5.2025, 17:05:08 - INFO - New connected socket [id: vSdT6GROjzGQ3ASZAAAG]
8.5.2025, 17:05:08 - INFO - New connected socket [id: tAmdvVJUCVvNj_kfAAAH]
8.5.2025, 17:05:08 - INFO - New connected socket [id: s67O1DwcFRRd5fVAAAAI]
8.5.2025, 17:05:08 - INFO - New connected socket [id: oH2iuf3BzNpHzu4rAAAJ]
8.5.2025, 17:05:08 - INFO - New connected socket [id: jKItx6IvuVRYe5QHAAAL]
8.5.2025, 17:05:15 - INFO - New chat msg from socket [id: vSdT6GROjzGQ3ASZAAAG], emitting to topic undefined
8.5.2025, 17:06:05 - INFO - New connected socket [id: PczoFQbQ3rAnDiE4AAAO]
8.5.2025, 17:06:05 - INFO - New connected socket [id: vW7RT0sJALz3TNSaAAAP]
8.5.2025, 17:06:12 - INFO - New chat msg from socket [id: vW7RT0sJALz3TNSaAAAP], emitting to topic 681a5ff9ba9e22638dfabce9
8.5.2025, 17:06:19 - INFO - Server listening on port http://127.0.0.1:3030/
8.5.2025, 17:06:19 - INFO - New connected socket [id: FzUmUX64qSeXDeT3AAAI]
8.5.2025, 17:06:19 - INFO - New connected socket [id: povC8xNRfhmpciJ4AAAJ]
8.5.2025, 17:06:19 - INFO - New connected socket [id: I6HcB6PcnP-nGb4jAAAK]
8.5.2025, 17:06:19 - INFO - New connected socket [id: PHL0R-pnGx4zpGsaAAAL]
8.5.2025, 17:06:19 - INFO - New connected socket [id: C3vCce-y1DVU03S8AAAM]
8.5.2025, 17:06:19 - INFO - New connected socket [id: I-MENOaSpQWxmhVlAAAN]
8.5.2025, 17:06:19 - INFO - New connected socket [id: WU-mFowl_pvBYFcUAAAO]
8.5.2025, 17:06:19 - INFO - New connected socket [id: 7He39FTxbFeo4s6yAAAP]
8.5.2025, 17:06:22 - INFO - New chat msg from socket [id: I6HcB6PcnP-nGb4jAAAK], emitting to topic undefined
8.5.2025, 17:07:15 - INFO - New connected socket [id: o76RLOoO2bpHEtzhAAAS]
8.5.2025, 17:07:15 - INFO - New connected socket [id: Vk-FWXvAyR4pP1QMAAAT]
8.5.2025, 17:07:20 - INFO - New chat msg from socket [id: o76RLOoO2bpHEtzhAAAS], emitting to topic 681a5ff9ba9e22638dfabce9
8.5.2025, 17:07:34 - INFO - New connected socket [id: U5I-kXC6EUl-LgYBAAAW]
8.5.2025, 17:07:34 - INFO - New connected socket [id: XmTKzMEd5S-zXQYkAAAX]
8.5.2025, 17:07:39 - INFO - Server listening on port http://127.0.0.1:3030/
8.5.2025, 17:07:39 - INFO - New connected socket [id: Hwf-p7dDh9sGGmV3AAAM]
8.5.2025, 17:07:39 - INFO - New connected socket [id: Vh0-wAdBApRQK52QAAAN]
8.5.2025, 17:07:39 - INFO - New connected socket [id: J6v5fDv6OpJQId3zAAAO]
8.5.2025, 17:07:39 - INFO - New connected socket [id: vP02ihYUMHPWE7zVAAAP]
8.5.2025, 17:07:39 - INFO - New connected socket [id: Q7LF1QFhisJB2f3PAAAQ]
8.5.2025, 17:07:39 - INFO - New connected socket [id: VJAvcpw4XswB2zy7AAAR]
8.5.2025, 17:07:39 - INFO - New connected socket [id: 7bOOzHRhRVwrGF76AAAS]
8.5.2025, 17:07:39 - INFO - New connected socket [id: caCdEEue6KQX-H_7AAAT]
8.5.2025, 17:07:39 - INFO - New connected socket [id: SIFu8b87WDHFhye6AAAU]
8.5.2025, 17:07:39 - INFO - New connected socket [id: JbgIn2t4twVZdOKSAAAV]
8.5.2025, 17:07:39 - INFO - New connected socket [id: pwDPvSU38DBj3ntEAAAW]
8.5.2025, 17:07:39 - INFO - New connected socket [id: cKs_r30CNxrq0fmXAAAX]
8.5.2025, 17:07:45 - INFO - New chat msg from socket [id: SIFu8b87WDHFhye6AAAU], emitting to topic undefined
8.5.2025, 17:23:10 - INFO - Socket disconnected [id: undefined]
8.5.2025, 17:23:10 - INFO - Socket disconnected [id: undefined]
8.5.2025, 17:23:10 - INFO - Socket disconnected [id: undefined]
8.5.2025, 17:23:10 - INFO - Socket disconnected [id: undefined]
8.5.2025, 17:23:10 - INFO - Socket disconnected [id: undefined]
8.5.2025, 17:24:01 - INFO - New connected socket [id: RPOuayVpE6e6bjGZAAAZ]
8.5.2025, 17:38:45 - INFO - New chat msg from socket [id: RPOuayVpE6e6bjGZAAAZ], emitting to topic 681a5ff9ba9e22638dfabce9
8.5.2025, 17:38:45 - INFO - Socket is leaving topic 681a5ff9ba9e22638dfabce9 [id: RPOuayVpE6e6bjGZAAAZ]
8.5.2025, 17:38:48 - INFO - New chat msg from socket [id: RPOuayVpE6e6bjGZAAAZ], emitting to topic Talking Doll
8.5.2025, 17:38:50 - INFO - Socket disconnected [id: undefined]
8.5.2025, 17:38:50 - INFO - New connected socket [id: iieD2Mgcb0Cl1xSxAAAb]
8.5.2025, 17:38:54 - INFO - New chat msg from socket [id: iieD2Mgcb0Cl1xSxAAAb], emitting to topic 681a5ff9ba9e22638dfabce9
8.5.2025, 17:38:54 - INFO - Socket is leaving topic 681a5ff9ba9e22638dfabce9 [id: iieD2Mgcb0Cl1xSxAAAb]
8.5.2025, 17:45:08 - INFO - New connected socket [id: rL87z_frolhxmCZEAAAd]
8.5.2025, 17:45:24 - INFO - New chat msg from socket [id: rL87z_frolhxmCZEAAAd], emitting to topic 681a5ff9ba9e22638dfabce9
8.5.2025, 17:45:24 - INFO - Socket is leaving topic 681a5ff9ba9e22638dfabce9 [id: rL87z_frolhxmCZEAAAd]
8.5.2025, 17:52:30 - INFO - Socket disconnected [id: undefined]
8.5.2025, 17:52:30 - INFO - Socket disconnected [id: undefined]
8.5.2025, 17:52:30 - INFO - New connected socket [id: vGBOxJbXc7uyE5WOAAAf]
8.5.2025, 17:52:34 - INFO - New chat msg from socket [id: vGBOxJbXc7uyE5WOAAAf], emitting to topic 681a5ff9ba9e22638dfabce9
8.5.2025, 17:52:34 - INFO - Socket is leaving topic 681a5ff9ba9e22638dfabce9 [id: vGBOxJbXc7uyE5WOAAAf]
8.5.2025, 17:53:46 - INFO - New connected socket [id: p2kDpK8WtE2-sJlTAAAh]
8.5.2025, 17:53:52 - INFO - New chat msg from socket [id: p2kDpK8WtE2-sJlTAAAh], emitting to topic 681a5ff9ba9e22638dfabce9
8.5.2025, 17:53:52 - INFO - Socket is leaving topic 681a5ff9ba9e22638dfabce9 [id: p2kDpK8WtE2-sJlTAAAh]
8.5.2025, 17:53:54 - INFO - New chat msg from socket [id: p2kDpK8WtE2-sJlTAAAh], emitting to topic Talking Doll
8.5.2025, 18:01:11 - INFO - New connected socket [id: dbEMyKZbZwSNsot_AAAj]
8.5.2025, 18:01:21 - INFO - New chat msg from socket [id: dbEMyKZbZwSNsot_AAAj], emitting to topic 681a5ff9ba9e22638dfabce9
8.5.2025, 18:01:24 - INFO - Socket disconnected [id: undefined]
8.5.2025, 18:01:24 - INFO - Socket disconnected [id: undefined]
8.5.2025, 18:01:24 - INFO - Socket disconnected [id: undefined]
8.5.2025, 18:01:24 - INFO - New connected socket [id: YeRcvB9Nh2_QBINCAAAl]
8.5.2025, 18:01:41 - INFO - New chat msg from socket [id: YeRcvB9Nh2_QBINCAAAl], emitting to topic 681a5ff9ba9e22638dfabce9
8.5.2025, 18:02:13 - INFO - Socket disconnected [id: undefined]
8.5.2025, 18:02:13 - INFO - Socket disconnected [id: undefined]
8.5.2025, 18:02:13 - INFO - Socket disconnected [id: undefined]
8.5.2025, 18:02:13 - INFO - Socket disconnected [id: undefined]
8.5.2025, 18:02:13 - INFO - Socket disconnected [id: undefined]
8.5.2025, 18:02:13 - INFO - New connected socket [id: bEDU6zQ39h-ZMAUfAAAn]
8.5.2025, 18:02:15 - INFO - Socket disconnected [id: undefined]
8.5.2025, 18:02:15 - INFO - New connected socket [id: OCUGsF716nZHm7tXAAAp]
8.5.2025, 18:02:20 - INFO - New chat msg from socket [id: OCUGsF716nZHm7tXAAAp], emitting to topic 681b52d9e08b3d0cccb714be
8.5.2025, 18:03:20 - INFO - Socket is leaving topic 681b52d9e08b3d0cccb714be [id: OCUGsF716nZHm7tXAAAp]
8.5.2025, 18:03:23 - INFO - New chat msg from socket [id: OCUGsF716nZHm7tXAAAp], emitting to topic 681a5ff9ba9e22638dfabce9
8.5.2025, 18:03:32 - INFO - Socket disconnected [id: undefined]
8.5.2025, 18:03:43 - INFO - New connected socket [id: P3z9VAwfzRHFa8PkAAAr]
8.5.2025, 18:04:07 - DEBUG - auth.service - login with username: hadar
8.5.2025, 18:04:07 - INFO - User login:  | {"_id":"681cae964e7c22204312192f","username":"hadar","fullname":"hadar","isAdmin":false}
8.5.2025, 18:04:11 - INFO - New chat msg from socket [id: P3z9VAwfzRHFa8PkAAAr], emitting to topic 681a5ff9ba9e22638dfabce9
8.5.2025, 18:04:15 - INFO - New chat msg from socket [id: OCUGsF716nZHm7tXAAAp], emitting to topic 681a5ff9ba9e22638dfabce9
8.5.2025, 18:04:17 - INFO - Socket disconnected [id: undefined]
8.5.2025, 18:04:17 - INFO - New connected socket [id: nIq4ESs00mM7DyUBAAAt]
8.5.2025, 18:05:22 - INFO - Socket disconnected [id: undefined]
8.5.2025, 18:06:52 - INFO - Socket disconnected [id: undefined]
8.5.2025, 18:06:52 - INFO - Socket disconnected [id: undefined]
8.5.2025, 18:06:52 - INFO - New connected socket [id: LTXwOEUxckHWGv2iAAAv]
8.5.2025, 18:12:01 - INFO - New connected socket [id: rIVL4dDO8s14O7ywAAAy]
8.5.2025, 18:12:01 - INFO - New connected socket [id: OpHeGY2tpQhpNy_RAAAz]
8.5.2025, 18:14:27 - INFO - New connected socket [id: ICTx0APLjvmIg_x4AAA2]
8.5.2025, 18:14:27 - INFO - New connected socket [id: FZ4DvRhtSzNOM5NeAAA3]
8.5.2025, 18:14:31 - INFO - Socket disconnected [id: undefined]
8.5.2025, 18:14:31 - INFO - Socket disconnected [id: undefined]
8.5.2025, 18:14:31 - INFO - Socket disconnected [id: undefined]
8.5.2025, 18:14:31 - INFO - New connected socket [id: jpqbStlrMx-Saw9mAAA5]
8.5.2025, 18:15:35 - INFO - New connected socket [id: 5awBD9zaGaBTXKJgAAA8]
8.5.2025, 18:15:35 - INFO - New connected socket [id: Hzdwhju3kTVOk0asAAA9]
8.5.2025, 18:15:48 - DEBUG - auth.service - login with username: tom
8.5.2025, 18:15:48 - INFO - User login:  | {"_id":"681b570f90d3c238a7dcfc23","username":"tom","fullname":"tomtom","isAdmin":false}
8.5.2025, 18:15:53 - INFO - New chat msg from socket [id: Hzdwhju3kTVOk0asAAA9], emitting to topic 681a5ff9ba9e22638dfabce9
8.5.2025, 18:15:56 - INFO - Socket disconnected [id: undefined]
8.5.2025, 18:15:56 - INFO - Socket disconnected [id: undefined]
8.5.2025, 18:15:56 - INFO - New connected socket [id: qqQneXCou1L1sYetAAA_]
8.5.2025, 18:18:08 - INFO - New connected socket [id: cSHOTbaZMz0ZC6jwAABC]
8.5.2025, 18:18:08 - INFO - New connected socket [id: bGgsZNcEN02eTd87AABD]
8.5.2025, 18:18:44 - INFO - Socket disconnected [id: undefined]
8.5.2025, 18:18:44 - INFO - Socket disconnected [id: undefined]
8.5.2025, 18:18:44 - INFO - New connected socket [id: YD6IAAuHgHYrIQDzAABF]
8.5.2025, 18:18:49 - INFO - Socket disconnected [id: undefined]
8.5.2025, 18:18:49 - INFO - New connected socket [id: 9sk15KCBCNgsc7OZAABH]
8.5.2025, 18:19:11 - INFO - New connected socket [id: LOxjewmlA7qk3k1CAABK]
8.5.2025, 18:19:11 - INFO - New connected socket [id: j6afgdew3yqdPGYGAABL]
8.5.2025, 18:19:47 - INFO - New connected socket [id: ooNXEd4F99cQ7mrLAABO]
8.5.2025, 18:19:47 - INFO - New connected socket [id: GKQxHry2wb5IjlucAABP]
8.5.2025, 18:20:12 - INFO - New connected socket [id: M9qijUEXo3iw_1IBAABS]
8.5.2025, 18:20:12 - INFO - New connected socket [id: rCyZII__p7HAfNxmAABT]
8.5.2025, 18:20:40 - INFO - New connected socket [id: IpupkcP8GCJ8bN3_AABW]
8.5.2025, 18:20:40 - INFO - New connected socket [id: 3rgDt4NrEdT28zTDAABX]
8.5.2025, 18:21:43 - INFO - New connected socket [id: D5T60EBWoOyNitdvAABb]
8.5.2025, 18:21:43 - INFO - New connected socket [id: tMio-UwvFC0_CUJ8AABa]
8.5.2025, 18:22:29 - INFO - New chat msg from socket [id: D5T60EBWoOyNitdvAABb], emitting to topic 681a5ff9ba9e22638dfabce9
8.5.2025, 18:24:35 - INFO - New connected socket [id: hGCVdx6p4Cpx9R3rAABe]
8.5.2025, 18:24:35 - INFO - New connected socket [id: ZBT6ARNKs1tUIpQsAABf]
8.5.2025, 18:25:54 - INFO - New connected socket [id: Y6MeBlMEWeEMmJGgAABi]
8.5.2025, 18:25:54 - INFO - New connected socket [id: vQCRr1-ZtsIBiwRGAABj]
8.5.2025, 18:26:01 - INFO - New chat msg from socket [id: vQCRr1-ZtsIBiwRGAABj], emitting to topic 681a5ff9ba9e22638dfabce9
8.5.2025, 18:26:15 - INFO - New connected socket [id: i4O7Ru29NzBRUXUVAABm]
8.5.2025, 18:26:15 - INFO - New connected socket [id: w-w0FNfGut_Vk9vAAABn]
8.5.2025, 18:26:18 - INFO - New chat msg from socket [id: w-w0FNfGut_Vk9vAAABn], emitting to topic 681a5ff9ba9e22638dfabce9
8.5.2025, 18:27:37 - INFO - Socket disconnected [id: undefined]
8.5.2025, 18:27:37 - INFO - Socket disconnected [id: undefined]
8.5.2025, 18:27:37 - INFO - Socket disconnected [id: undefined]
8.5.2025, 18:27:37 - INFO - Socket disconnected [id: undefined]
8.5.2025, 18:27:37 - INFO - Socket disconnected [id: undefined]
8.5.2025, 18:27:37 - INFO - Socket disconnected [id: undefined]
8.5.2025, 18:27:37 - INFO - Socket disconnected [id: undefined]
8.5.2025, 18:27:37 - INFO - Socket disconnected [id: undefined]
8.5.2025, 18:27:37 - INFO - Socket disconnected [id: undefined]
8.5.2025, 18:27:37 - INFO - Socket disconnected [id: undefined]
8.5.2025, 18:27:37 - INFO - Socket disconnected [id: undefined]
8.5.2025, 18:27:37 - INFO - Socket disconnected [id: undefined]
8.5.2025, 18:27:37 - INFO - Socket disconnected [id: undefined]
8.5.2025, 18:27:37 - INFO - New connected socket [id: SQ07_6yomJvYADILAABp]
8.5.2025, 18:27:52 - INFO - New chat msg from socket [id: SQ07_6yomJvYADILAABp], emitting to topic 681a5ff9ba9e22638dfabce9
8.5.2025, 18:27:58 - INFO - New chat msg from socket [id: w-w0FNfGut_Vk9vAAABn], emitting to topic 681a5ff9ba9e22638dfabce9
8.5.2025, 18:31:02 - INFO - New connected socket [id: iKl41KkkShVzzj0lAABs]
8.5.2025, 18:31:02 - INFO - New connected socket [id: UHnG__WyJnnouXZpAABt]
8.5.2025, 18:31:08 - INFO - New chat msg from socket [id: UHnG__WyJnnouXZpAABt], emitting to topic 681a5ff9ba9e22638dfabce9
8.5.2025, 18:31:22 - INFO - New connected socket [id: b0zf3cv1DQvucCbtAABw]
8.5.2025, 18:31:22 - INFO - New connected socket [id: Lk-kRZke913MizNHAABx]
8.5.2025, 18:31:33 - INFO - New connected socket [id: rD-oVXUD4H4wyqKbAAB1]
8.5.2025, 18:31:33 - INFO - New connected socket [id: Gg8A2nR-u8FqYCz4AAB0]
8.5.2025, 18:31:34 - INFO - New connected socket [id: o33Tf-eCJ-tNHpF7AAB4]
8.5.2025, 18:31:34 - INFO - New connected socket [id: gx0xxC1ttTChX1g1AAB5]
8.5.2025, 18:31:39 - INFO - New chat msg from socket [id: gx0xxC1ttTChX1g1AAB5], emitting to topic 681a5ff9ba9e22638dfabce9
8.5.2025, 18:33:17 - INFO - New chat msg from socket [id: gx0xxC1ttTChX1g1AAB5], emitting to topic 681a5ff9ba9e22638dfabce9
8.5.2025, 18:33:18 - INFO - Socket disconnected [id: undefined]
8.5.2025, 18:33:18 - INFO - Socket disconnected [id: undefined]
8.5.2025, 18:33:18 - INFO - Socket disconnected [id: undefined]
8.5.2025, 18:33:18 - INFO - Socket disconnected [id: undefined]
8.5.2025, 18:33:18 - INFO - Socket disconnected [id: undefined]
8.5.2025, 18:33:18 - INFO - Socket disconnected [id: undefined]
8.5.2025, 18:33:18 - INFO - Socket disconnected [id: undefined]
8.5.2025, 18:33:18 - INFO - Socket disconnected [id: undefined]
8.5.2025, 18:33:18 - INFO - Socket disconnected [id: undefined]
8.5.2025, 18:33:18 - INFO - Socket disconnected [id: undefined]
8.5.2025, 18:33:18 - INFO - Socket disconnected [id: undefined]
8.5.2025, 18:33:18 - INFO - Socket disconnected [id: undefined]
8.5.2025, 18:33:18 - INFO - Socket disconnected [id: undefined]
8.5.2025, 18:33:18 - INFO - New connected socket [id: WE_lwSLkMlyDQrVLAAB7]
8.5.2025, 18:33:39 - INFO - Socket disconnected [id: undefined]
8.5.2025, 18:33:39 - INFO - New connected socket [id: 4NVWUqNyq1qzEanuAAB9]
8.5.2025, 18:33:43 - INFO - New chat msg from socket [id: 4NVWUqNyq1qzEanuAAB9], emitting to topic 681a5ff9ba9e22638dfabce9
8.5.2025, 18:33:48 - INFO - Socket disconnected [id: undefined]
8.5.2025, 18:33:48 - INFO - New connected socket [id: LVu0921HcRWzaWktAAB_]
8.5.2025, 18:35:06 - INFO - Socket disconnected [id: undefined]
8.5.2025, 18:35:06 - INFO - Socket disconnected [id: undefined]
8.5.2025, 18:35:06 - INFO - Socket disconnected [id: undefined]
8.5.2025, 18:35:06 - INFO - Socket disconnected [id: undefined]
8.5.2025, 18:35:06 - INFO - Socket disconnected [id: undefined]
8.5.2025, 18:35:06 - INFO - New connected socket [id: qi6kKmDAvj1nCJFqAACB]
8.5.2025, 18:36:00 - INFO - Socket disconnected [id: undefined]
8.5.2025, 18:36:00 - INFO - New connected socket [id: nXe1txgktUMuveyIAACD]
8.5.2025, 18:36:03 - INFO - New chat msg from socket [id: nXe1txgktUMuveyIAACD], emitting to topic 681a5ff9ba9e22638dfabce9
8.5.2025, 18:37:07 - INFO - New connected socket [id: o1oiHmH0bCjK9SX3AACG]
8.5.2025, 18:37:07 - INFO - New connected socket [id: UV2awA36P1VpamuMAACH]
8.5.2025, 18:37:12 - INFO - New chat msg from socket [id: UV2awA36P1VpamuMAACH], emitting to topic 681a5ff9ba9e22638dfabce9
8.5.2025, 18:37:26 - INFO - New connected socket [id: 0OvKBWElNMTW12thAACK]
8.5.2025, 18:37:26 - INFO - New connected socket [id: Yovg_GuF9_jvTIuUAACL]
8.5.2025, 18:38:14 - INFO - New connected socket [id: lTNl2_DkO1fUw48sAACO]
8.5.2025, 18:38:14 - INFO - New connected socket [id: 3m4B2Fdum0nQLMeGAACP]
8.5.2025, 18:38:19 - INFO - New chat msg from socket [id: 3m4B2Fdum0nQLMeGAACP], emitting to topic 681a5ff9ba9e22638dfabce9
8.5.2025, 18:38:23 - INFO - New chat msg from socket [id: 3m4B2Fdum0nQLMeGAACP], emitting to topic 681a5ff9ba9e22638dfabce9
8.5.2025, 18:39:54 - INFO - New connected socket [id: scY1TBzxhxOajzNYAACS]
8.5.2025, 18:39:54 - INFO - New connected socket [id: XffuXva87osK7DyxAACT]
8.5.2025, 18:41:36 - INFO - New connected socket [id: ryCYDzDJA4MoT6T4AACW]
8.5.2025, 18:41:36 - INFO - New connected socket [id: u6uVCfgxILP4i-ttAACX]
8.5.2025, 18:42:09 - INFO - New connected socket [id: Cve24UW0eCRUisxeAACa]
8.5.2025, 18:42:09 - INFO - New connected socket [id: AlOFBVwz7rR1ra1_AACb]
8.5.2025, 18:45:29 - INFO - New connected socket [id: ZvHzPuV6IhELHPqPAACe]
8.5.2025, 18:45:29 - INFO - New connected socket [id: V7vPvMXtQEorcEeuAACf]
8.5.2025, 18:47:18 - INFO - New connected socket [id: _TSqJbzvynZZ5fR2AACi]
8.5.2025, 18:47:18 - INFO - New connected socket [id: 5y8LRGAoDJPy5EQQAACj]
8.5.2025, 18:47:37 - INFO - Socket disconnected [id: undefined]
8.5.2025, 18:47:37 - INFO - Socket disconnected [id: undefined]
8.5.2025, 18:47:37 - INFO - Socket disconnected [id: undefined]
8.5.2025, 18:47:37 - INFO - Socket disconnected [id: undefined]
8.5.2025, 18:47:37 - INFO - Socket disconnected [id: undefined]
8.5.2025, 18:47:37 - INFO - Socket disconnected [id: undefined]
8.5.2025, 18:47:37 - INFO - Socket disconnected [id: undefined]
8.5.2025, 18:47:37 - INFO - Socket disconnected [id: undefined]
8.5.2025, 18:47:37 - INFO - Socket disconnected [id: undefined]
8.5.2025, 18:47:37 - INFO - New connected socket [id: SbgX37yvmPgMWbyKAACl]
8.5.2025, 18:50:09 - INFO - New connected socket [id: I1jLVEA3MKrnzUt9AACo]
8.5.2025, 18:50:09 - INFO - New connected socket [id: 5igaCZntZ7al_0ZwAACp]
8.5.2025, 18:50:22 - INFO - Socket disconnected [id: undefined]
8.5.2025, 18:50:22 - INFO - Socket disconnected [id: undefined]
8.5.2025, 18:50:22 - INFO - Socket disconnected [id: undefined]
8.5.2025, 18:50:22 - INFO - Socket disconnected [id: undefined]
8.5.2025, 18:50:22 - INFO - Socket disconnected [id: undefined]
8.5.2025, 18:50:22 - INFO - Socket disconnected [id: undefined]
8.5.2025, 18:50:22 - INFO - Socket disconnected [id: undefined]
8.5.2025, 18:50:22 - INFO - Socket disconnected [id: undefined]
8.5.2025, 18:50:22 - INFO - Socket disconnected [id: undefined]
8.5.2025, 18:50:22 - INFO - Socket disconnected [id: undefined]
8.5.2025, 18:50:22 - INFO - New connected socket [id: uH5JOpw_XAESVhVbAACr]
8.5.2025, 18:50:26 - INFO - Socket disconnected [id: undefined]
8.5.2025, 18:50:26 - INFO - Socket disconnected [id: undefined]
8.5.2025, 18:50:26 - INFO - New connected socket [id: kiIhFmjDEWs1_qmgAACt]
8.5.2025, 18:52:07 - INFO - New connected socket [id: 2OXxVnUX0Jsk9Gr8AACw]
8.5.2025, 18:52:07 - INFO - New connected socket [id: sN8_LYaKsNomEkuEAACx]
8.5.2025, 18:52:40 - INFO - New connected socket [id: pjzkYVSaeDG4l9HpAAC0]
8.5.2025, 18:52:40 - INFO - New connected socket [id: IBZHWFL18ayhrl7iAAC1]
8.5.2025, 18:53:01 - INFO - New connected socket [id: NsoS1vkyzYcuzNEqAAC4]
8.5.2025, 18:53:01 - INFO - New connected socket [id: VROeAQ731twtlYnoAAC5]
8.5.2025, 18:53:07 - INFO - New connected socket [id: F2z9zHxws-dpo-xMAAC8]
8.5.2025, 18:53:07 - INFO - New connected socket [id: OyJEM4-BFZoVju5xAAC9]
8.5.2025, 18:53:11 - INFO - New connected socket [id: apa2tmDj03CGoHfXAADA]
8.5.2025, 18:53:11 - INFO - New connected socket [id: 2VTGA1IQo2j8GVQGAADB]
8.5.2025, 18:54:01 - INFO - New connected socket [id: 95tIYTBhCccBBBjKAADE]
8.5.2025, 18:54:01 - INFO - New connected socket [id: 7kdD-Uk9SOMfuUPvAADF]
8.5.2025, 18:54:48 - INFO - New chat msg from socket [id: 7kdD-Uk9SOMfuUPvAADF], emitting to topic 681a5ff9ba9e22638dfabce9
8.5.2025, 18:55:55 - INFO - New connected socket [id: 6CGwG1ClIzKbIH5qAADI]
8.5.2025, 18:55:55 - INFO - New connected socket [id: BQ6gN7DZBqvxuygRAADJ]
8.5.2025, 18:56:42 - INFO - New connected socket [id: 5Cy_TIwKp8N-2dS-AADM]
8.5.2025, 18:56:42 - INFO - New connected socket [id: rx4GZlM16qhu2p_VAADN]
8.5.2025, 18:58:17 - INFO - New connected socket [id: dj6CQL3ymttS9NttAADQ]
8.5.2025, 18:58:17 - INFO - New connected socket [id: qe98chlKWkPTIBVzAADR]
8.5.2025, 18:59:21 - INFO - Server listening on port http://127.0.0.1:3030/
8.5.2025, 18:59:21 - INFO - New connected socket [id: EjuCNcga9loe8-yYAAAK]
8.5.2025, 18:59:21 - INFO - New connected socket [id: aXDRE1a3th3bRgp5AAAL]
8.5.2025, 18:59:21 - INFO - New connected socket [id: HeDTo8eSqtYdmIngAAAM]
8.5.2025, 18:59:21 - INFO - New connected socket [id: ZYC3PtqPGu8TMVrEAAAN]
8.5.2025, 18:59:21 - INFO - New connected socket [id: EnkIGkVtn4pNV_uiAAAO]
8.5.2025, 18:59:21 - INFO - New connected socket [id: TARmeG__GKQRF63TAAAP]
8.5.2025, 18:59:21 - INFO - New connected socket [id: fUTjmd2G9mweDq-EAAAQ]
8.5.2025, 18:59:21 - INFO - New connected socket [id: 513ArnkEpb6Pt9CoAAAR]
8.5.2025, 18:59:21 - INFO - New connected socket [id: -7xPoFtvV660e1A4AAAS]
8.5.2025, 18:59:21 - INFO - New connected socket [id: FK0BrM1fmisgZbskAAAT]
8.5.2025, 18:59:21 - INFO - New connected socket [id: 1ucXS0s3bPx26_0fAAAe]
8.5.2025, 18:59:21 - INFO - New connected socket [id: cJpeoUNq0Ti7Tn-hAAAf]
8.5.2025, 18:59:21 - INFO - New connected socket [id: -ZUhu1quxbD4lkO7AAAg]
8.5.2025, 18:59:21 - INFO - New connected socket [id: 8j7IxXyaB97Vk7GyAAAh]
8.5.2025, 18:59:21 - INFO - New connected socket [id: xUsWd05G7MegksA-AAAi]
8.5.2025, 18:59:21 - INFO - New connected socket [id: I6jacgdQbWdVT-0CAAAj]
8.5.2025, 18:59:21 - INFO - New connected socket [id: doqIwRRZVGMw8L9gAAAk]
8.5.2025, 18:59:21 - INFO - New connected socket [id: pBSdN9drJifb2MhdAAAl]
8.5.2025, 18:59:21 - INFO - New connected socket [id: lxHQm78MbSosj3MxAAAm]
8.5.2025, 18:59:21 - INFO - New connected socket [id: FvrmOQTYCrqli42_AAAn]
8.5.2025, 19:01:42 - INFO - New connected socket [id: jKdkciilRpiLgFSuAAAq]
8.5.2025, 19:01:42 - INFO - New connected socket [id: fWSDkRyJ1ZmetV6QAAAr]
